<?xml version="1.0" encoding="UTF-8"?>
<testsuite name="greeter.GreetingFormatterSpec" tests="1" skipped="0" failures="0" errors="0" timestamp="2018-12-07T09:24:01" hostname="CAPMPTLAP0096" time="0.04">
  <properties/>
  <testcase name="Creating a greeting" classname="greeter.GreetingFormatterSpec" time="0.04"/>
  <system-out><![CDATA[]]></system-out>
  <system-err><![CDATA[]]></system-err>
</testsuite>
