<?xml version="1.0" encoding="UTF-8"?>
<testsuite name="greeter.GreeterSpec" tests="1" skipped="0" failures="0" errors="0" timestamp="2018-12-07T09:24:00" hostname="CAPMPTLAP0096" time="0.069">
  <properties/>
  <testcase name="Calling the entry point" classname="greeter.GreeterSpec" time="0.069"/>
  <system-out><![CDATA[]]></system-out>
  <system-err><![CDATA[]]></system-err>
</testsuite>
